C:\Program Files (x86)\Microsoft Visual Studio\2017\Professional\Common7\IDE\VC\VCTargets\Microsoft.CppBuild.targets(391,5): warning MSB8028: The intermediate directory (x64\Release\) contains files shared from another project (Tutorial 3.vcxproj).  This can lead to incorrect clean and rebuild behavior.
  weather.cpp
c:\users\harry\desktop\tutorial 3\weather.cpp(26): warning C4244: 'initializing': conversion from 'int' to 'float', possible loss of data
c:\users\harry\desktop\tutorial 3\weather.cpp(28): warning C4244: 'argument': conversion from 'float' to 'const _Ty', possible loss of data
          with
          [
              _Ty=cl_int
          ]
c:\users\harry\desktop\tutorial 3\weather.cpp(71): warning C4244: 'argument': conversion from 'float' to 'const _Ty', possible loss of data
          with
          [
              _Ty=cl_int
          ]
c:\users\harry\desktop\tutorial 3\weather.cpp(164): warning C4267: 'initializing': conversion from 'size_t' to 'int', possible loss of data
c:\users\harry\desktop\tutorial 3\weather.cpp(165): warning C4267: 'initializing': conversion from 'size_t' to 'int', possible loss of data
c:\users\harry\desktop\tutorial 3\weather.cpp(59): warning C4996: 'fopen': This function or variable may be unsafe. Consider using fopen_s instead. To disable deprecation, use _CRT_SECURE_NO_WARNINGS. See online help for details.
  c:\program files (x86)\windows kits\10\include\10.0.10240.0\ucrt\stdio.h(205): note: see declaration of 'fopen'
c:\users\harry\desktop\tutorial 3\weather.cpp(68): warning C4996: 'fscanf': This function or variable may be unsafe. Consider using fscanf_s instead. To disable deprecation, use _CRT_SECURE_NO_WARNINGS. See online help for details.
  c:\program files (x86)\windows kits\10\include\10.0.10240.0\ucrt\stdio.h(1193): note: see declaration of 'fscanf'
  Generating code
  2 of 748 functions ( 0.3%) were compiled, the rest were copied from previous compilation.
    0 functions were new in current compilation
    0 functions had inline decision re-evaluated but remain unchanged
  Finished generating code
  Tutorial 3.vcxproj -> C:\Users\Harry\Desktop\x64\Release\WeatherAssingment.exe
  my_kernels_3.cl
          1 file(s) copied.
